<?xml version="1.0" encoding="UTF-8" ?>
<testsuite errors="0" failures="0" hostname="Davidson" name="com.pdsc.test.LoginUITest" skipped="0" tests="1" time="9.834" timestamp="2024-08-04T20:48:04">
  <properties>
[...]
</properties>
  <testcase classname="com.pdsc.test.LoginUITest" name="testRegistrarUsuarioDadosValidos" time="9.761" />
  <system-out><![CDATA[]]></system-out>
  <system-err><![CDATA[ago 04, 2024 5:48:05 PM org.openqa.selenium.remote.DesiredCapabilities chrome
INFORMAÇÕES: Using `new ChromeOptions()` is preferred to `DesiredCapabilities.chrome()`
Starting ChromeDriver 127.0.6533.88 (a2d0cb026721e4644e489b8ebb07038ca4e4351c-refs/branch-heads/6533@{#1846}) on port 23958
Only local connections are allowed.
Please see https://chromedriver.chromium.org/security-considerations for suggestions on keeping ChromeDriver safe.
ChromeDriver was started successfully.
ago 04, 2024 5:48:07 PM org.openqa.selenium.remote.ProtocolHandshake createSession
INFORMAÇÕES: Detected dialect: W3C
]]></system-err>
</testsuite>
